# JRE version: OpenJDK Runtime Environment (8.0_242-b08) (build 1.8.0_242-b08)
# Java VM: OpenJDK 64-Bit Server VM (25.242-b08 mixed mode linux-amd64 compressed oops)
Heap:
 PSYoungGen      total 175104K, used 59681K [0x00000000d6f00000, 0x00000000eef80000, 0x0000000100000000)
  eden space 174592K, 34% used [0x00000000d6f00000,0x00000000da8f86e8,0x00000000e1980000)
  from space 512K, 62% used [0x00000000eed00000,0x00000000eed50000,0x00000000eed80000)
  to   space 1536K, 0% used [0x00000000eee00000,0x00000000eee00000,0x00000000eef80000)
 ParOldGen       total 147968K, used 81523K [0x0000000084c00000, 0x000000008dc80000, 0x00000000d6f00000)
  object space 147968K, 55% used [0x0000000084c00000,0x0000000089b9cfc8,0x000000008dc80000)
 Metaspace       used 19766K, capacity 20140K, committed 20352K, reserved 1067008K
  class space    used 2036K, capacity 2134K, committed 2176K, reserved 1048576K
GC Heap History (10 events):
Event: 1587.178 GC heap before
{Heap before GC invocations=802 (full 1):
 PSYoungGen      total 213504K, used 213376K [0x00000000d6f00000, 0x00000000ef200000, 0x0000000100000000)
  eden space 212480K, 100% used [0x00000000d6f00000,0x00000000e3e80000,0x00000000e3e80000)
  from space 1024K, 87% used [0x00000000ef100000,0x00000000ef1e0000,0x00000000ef200000)
  to   space 1536K, 0% used [0x00000000eef00000,0x00000000eef00000,0x00000000ef080000)
 ParOldGen       total 147968K, used 81507K [0x0000000084c00000, 0x000000008dc80000, 0x00000000d6f00000)
  object space 147968K, 55% used [0x0000000084c00000,0x0000000089b98fc8,0x000000008dc80000)
 Metaspace       used 19766K, capacity 20140K, committed 20352K, reserved 1067008K
  class space    used 2036K, capacity 2134K, committed 2176K, reserved 1048576K
Event: 1587.181 GC heap after
Heap after GC invocations=802 (full 1):
 PSYoungGen      total 205312K, used 768K [0x00000000d6f00000, 0x00000000ef180000, 0x0000000100000000)
  eden space 204288K, 0% used [0x00000000d6f00000,0x00000000d6f00000,0x00000000e3680000)
  from space 1024K, 75% used [0x00000000eef00000,0x00000000eefc0000,0x00000000ef000000)
  to   space 1536K, 0% used [0x00000000ef000000,0x00000000ef000000,0x00000000ef180000)
 ParOldGen       total 147968K, used 81523K [0x0000000084c00000, 0x000000008dc80000, 0x00000000d6f00000)
  object space 147968K, 55% used [0x0000000084c00000,0x0000000089b9cfc8,0x000000008dc80000)
 Metaspace       used 19766K, capacity 20140K, committed 20352K, reserved 1067008K
  class space    used 2036K, capacity 2134K, committed 2176K, reserved 1048576K
}
Event: 1587.543 GC heap before
{Heap before GC invocations=803 (full 1):
 PSYoungGen      total 205312K, used 205056K [0x00000000d6f00000, 0x00000000ef180000, 0x0000000100000000)
  eden space 204288K, 100% used [0x00000000d6f00000,0x00000000e3680000,0x00000000e3680000)
  from space 1024K, 75% used [0x00000000eef00000,0x00000000eefc0000,0x00000000ef000000)
  to   space 1536K, 0% used [0x00000000ef000000,0x00000000ef000000,0x00000000ef180000)
 ParOldGen       total 147968K, used 81523K [0x0000000084c00000, 0x000000008dc80000, 0x00000000d6f00000)
  object space 147968K, 55% used [0x0000000084c00000,0x0000000089b9cfc8,0x000000008dc80000)
 Metaspace       used 19766K, capacity 20140K, committed 20352K, reserved 1067008K
  class space    used 2036K, capacity 2134K, committed 2176K, reserved 1048576K
Event: 1587.546 GC heap after
Heap after GC invocations=803 (full 1):
 PSYoungGen      total 197120K, used 928K [0x00000000d6f00000, 0x00000000ef100000, 0x0000000100000000)
  eden space 196096K, 0% used [0x00000000d6f00000,0x00000000d6f00000,0x00000000e2e80000)
  from space 1024K, 90% used [0x00000000ef000000,0x00000000ef0e8000,0x00000000ef100000)
  to   space 1536K, 0% used [0x00000000eee00000,0x00000000eee00000,0x00000000eef80000)
 ParOldGen       total 147968K, used 81523K [0x0000000084c00000, 0x000000008dc80000, 0x00000000d6f00000)
  object space 147968K, 55% used [0x0000000084c00000,0x0000000089b9cfc8,0x000000008dc80000)
 Metaspace       used 19766K, capacity 20140K, committed 20352K, reserved 1067008K
  class space    used 2036K, capacity 2134K, committed 2176K, reserved 1048576K
}
Event: 1587.922 GC heap before
{Heap before GC invocations=804 (full 1):
 PSYoungGen      total 197120K, used 197024K [0x00000000d6f00000, 0x00000000ef100000, 0x0000000100000000)
  eden space 196096K, 100% used [0x00000000d6f00000,0x00000000e2e80000,0x00000000e2e80000)
  from space 1024K, 90% used [0x00000000ef000000,0x00000000ef0e8000,0x00000000ef100000)
  to   space 1536K, 0% used [0x00000000eee00000,0x00000000eee00000,0x00000000eef80000)
 ParOldGen       total 147968K, used 81523K [0x0000000084c00000, 0x000000008dc80000, 0x00000000d6f00000)
  object space 147968K, 55% used [0x0000000084c00000,0x0000000089b9cfc8,0x000000008dc80000)
 Metaspace       used 19766K, capacity 20140K, committed 20352K, reserved 1067008K
  class space    used 2036K, capacity 2134K, committed 2176K, reserved 1048576K
Event: 1587.924 GC heap after
Heap after GC invocations=804 (full 1):
 PSYoungGen      total 189440K, used 640K [0x00000000d6f00000, 0x00000000ef080000, 0x0000000100000000)
  eden space 188416K, 0% used [0x00000000d6f00000,0x00000000d6f00000,0x00000000e2700000)
  from space 1024K, 62% used [0x00000000eee00000,0x00000000eeea0000,0x00000000eef00000)
  to   space 1536K, 0% used [0x00000000eef00000,0x00000000eef00000,0x00000000ef080000)
 ParOldGen       total 147968K, used 81523K [0x0000000084c00000, 0x000000008dc80000, 0x00000000d6f00000)
  object space 147968K, 55% used [0x0000000084c00000,0x0000000089b9cfc8,0x000000008dc80000)
 Metaspace       used 19766K, capacity 20140K, committed 20352K, reserved 1067008K
  class space    used 2036K, capacity 2134K, committed 2176K, reserved 1048576K
}
Event: 1588.274 GC heap before
{Heap before GC invocations=805 (full 1):
 PSYoungGen      total 189440K, used 189056K [0x00000000d6f00000, 0x00000000ef080000, 0x0000000100000000)
  eden space 188416K, 100% used [0x00000000d6f00000,0x00000000e2700000,0x00000000e2700000)
  from space 1024K, 62% used [0x00000000eee00000,0x00000000eeea0000,0x00000000eef00000)
  to   space 1536K, 0% used [0x00000000eef00000,0x00000000eef00000,0x00000000ef080000)
 ParOldGen       total 147968K, used 81523K [0x0000000084c00000, 0x000000008dc80000, 0x00000000d6f00000)
  object space 147968K, 55% used [0x0000000084c00000,0x0000000089b9cfc8,0x000000008dc80000)
 Metaspace       used 19766K, capacity 20140K, committed 20352K, reserved 1067008K
  class space    used 2036K, capacity 2134K, committed 2176K, reserved 1048576K
Event: 1588.276 GC heap after
Heap after GC invocations=805 (full 1):
 PSYoungGen      total 182272K, used 896K [0x00000000d6f00000, 0x00000000ef000000, 0x0000000100000000)
  eden space 181248K, 0% used [0x00000000d6f00000,0x00000000d6f00000,0x00000000e2000000)
  from space 1024K, 87% used [0x00000000eef00000,0x00000000eefe0000,0x00000000ef000000)
  to   space 1536K, 0% used [0x00000000eed00000,0x00000000eed00000,0x00000000eee80000)
 ParOldGen       total 147968K, used 81523K [0x0000000084c00000, 0x000000008dc80000, 0x00000000d6f00000)
  object space 147968K, 55% used [0x0000000084c00000,0x0000000089b9cfc8,0x000000008dc80000)
 Metaspace       used 19766K, capacity 20140K, committed 20352K, reserved 1067008K
  class space    used 2036K, capacity 2134K, committed 2176K, reserved 1048576K
}
Event: 1588.589 GC heap before
{Heap before GC invocations=806 (full 1):
 PSYoungGen      total 182272K, used 182144K [0x00000000d6f00000, 0x00000000ef000000, 0x0000000100000000)
  eden space 181248K, 100% used [0x00000000d6f00000,0x00000000e2000000,0x00000000e2000000)
  from space 1024K, 87% used [0x00000000eef00000,0x00000000eefe0000,0x00000000ef000000)
  to   space 1536K, 0% used [0x00000000eed00000,0x00000000eed00000,0x00000000eee80000)
 ParOldGen       total 147968K, used 81523K [0x0000000084c00000, 0x000000008dc80000, 0x00000000d6f00000)
  object space 147968K, 55% used [0x0000000084c00000,0x0000000089b9cfc8,0x000000008dc80000)
 Metaspace       used 19766K, capacity 20140K, committed 20352K, reserved 1067008K
  class space    used 2036K, capacity 2134K, committed 2176K, reserved 1048576K
Event: 1588.592 GC heap after
Heap after GC invocations=806 (full 1):
 PSYoungGen      total 175104K, used 320K [0x00000000d6f00000, 0x00000000eef80000, 0x0000000100000000)
  eden space 174592K, 0% used [0x00000000d6f00000,0x00000000d6f00000,0x00000000e1980000)
  from space 512K, 62% used [0x00000000eed00000,0x00000000eed50000,0x00000000eed80000)
  to   space 1536K, 0% used [0x00000000eee00000,0x00000000eee00000,0x00000000eef80000)
 ParOldGen       total 147968K, used 81523K [0x0000000084c00000, 0x000000008dc80000, 0x00000000d6f00000)
  object space 147968K, 55% used [0x0000000084c00000,0x0000000089b9cfc8,0x000000008dc80000)
 Metaspace       used 19766K, capacity 20140K, committed 20352K, reserved 1067008K
  class space    used 2036K, capacity 2134K, committed 2176K, reserved 1048576K
}

